Using pre-set license
Built from '2022.3/staging' branch; Version is '2022.3.19f1 (244b723c30a6) revision 2378610'; Using compiler version '192829333'; Build Type 'Release'
OS: 'Windows 11  (10.0.22631) 64bit Core' Language: 'en' Physical Memory: 32581 MB
BatchMode: 1, IsHumanControllingUs: 0, StartBugReporterOnCrash: 0, Is64bit: 1, IsPro: 1

COMMAND LINE ARGUMENTS:
C:\Program Files\Unity\Hub\Editor\2022.3.19f1\Editor\Unity.exe
-adb2
-batchMode
-noUpm
-name
AssetImportWorker2
-projectPath
C:/Users/asapg/Documents/GitHub/VirtualReality
-logFile
Logs/AssetImportWorker2.log
-srvPort
50710
Successfully changed project path to: C:/Users/asapg/Documents/GitHub/VirtualReality
C:/Users/asapg/Documents/GitHub/VirtualReality
[UnityMemory] Configuration Parameters - Can be set up in boot.config
    "memorysetup-bucket-allocator-granularity=16"
    "memorysetup-bucket-allocator-bucket-count=8"
    "memorysetup-bucket-allocator-block-size=33554432"
    "memorysetup-bucket-allocator-block-count=8"
    "memorysetup-main-allocator-block-size=16777216"
    "memorysetup-thread-allocator-block-size=16777216"
    "memorysetup-gfx-main-allocator-block-size=16777216"
    "memorysetup-gfx-thread-allocator-block-size=16777216"
    "memorysetup-cache-allocator-block-size=4194304"
    "memorysetup-typetree-allocator-block-size=2097152"
    "memorysetup-profiler-bucket-allocator-granularity=16"
    "memorysetup-profiler-bucket-allocator-bucket-count=8"
    "memorysetup-profiler-bucket-allocator-block-size=33554432"
    "memorysetup-profiler-bucket-allocator-block-count=8"
    "memorysetup-profiler-allocator-block-size=16777216"
    "memorysetup-profiler-editor-allocator-block-size=1048576"
    "memorysetup-temp-allocator-size-main=16777216"
    "memorysetup-job-temp-allocator-block-size=2097152"
    "memorysetup-job-temp-allocator-block-size-background=1048576"
    "memorysetup-job-temp-allocator-reduction-small-platforms=262144"
    "memorysetup-allocator-temp-initial-block-size-main=262144"
    "memorysetup-allocator-temp-initial-block-size-worker=262144"
    "memorysetup-temp-allocator-size-background-worker=32768"
    "memorysetup-temp-allocator-size-job-worker=262144"
    "memorysetup-temp-allocator-size-preload-manager=33554432"
    "memorysetup-temp-allocator-size-nav-mesh-worker=65536"
    "memorysetup-temp-allocator-size-audio-worker=65536"
    "memorysetup-temp-allocator-size-cloud-worker=32768"
    "memorysetup-temp-allocator-size-gi-baking-worker=262144"
    "memorysetup-temp-allocator-size-gfx=262144"
Player connection [15220] Host "[IP] 10.0.48.210 [Port] 0 [Flags] 2 [Guid] 3890981519 [EditorId] 3890981519 [Version] 1048832 [Id] WindowsEditor(7,DESKTOP-9PB1TMA) [Debug] 1 [PackageName] WindowsEditor [ProjectName] Editor" joined multi-casting on [225.0.0.222:54997]...

Player connection [15220] Host "[IP] 10.0.48.210 [Port] 0 [Flags] 2 [Guid] 3890981519 [EditorId] 3890981519 [Version] 1048832 [Id] WindowsEditor(7,DESKTOP-9PB1TMA) [Debug] 1 [PackageName] WindowsEditor [ProjectName] Editor" joined alternative multi-casting on [225.0.0.222:34997]...

[Physics::Module] Initialized MultithreadedJobDispatcher with 23 workers.
Refreshing native plugins compatible for Editor in 4.29 ms, found 3 plugins.
Preloading 0 native plugins for Editor in 0.00 ms.
Initialize engine version: 2022.3.19f1 (244b723c30a6)
[Subsystems] Discovering subsystems at path C:/Program Files/Unity/Hub/Editor/2022.3.19f1/Editor/Data/Resources/UnitySubsystems
[Subsystems] Discovering subsystems at path C:/Users/asapg/Documents/GitHub/VirtualReality/Assets
GfxDevice: creating device client; threaded=0; jobified=0
Direct3D:
    Version:  Direct3D 11.0 [level 11.1]
    Renderer: NVIDIA GeForce RTX 4070 (ID=0x2786)
    Vendor:   NVIDIA
    VRAM:     12026 MB
    Driver:   31.0.15.3667
Initialize mono
Mono path[0] = 'C:/Program Files/Unity/Hub/Editor/2022.3.19f1/Editor/Data/Managed'
Mono path[1] = 'C:/Program Files/Unity/Hub/Editor/2022.3.19f1/Editor/Data/MonoBleedingEdge/lib/mono/unityjit-win32'
Mono config path = 'C:/Program Files/Unity/Hub/Editor/2022.3.19f1/Editor/Data/MonoBleedingEdge/etc'
Using monoOptions --debugger-agent=transport=dt_socket,embedding=1,server=y,suspend=n,address=127.0.0.1:56080
Begin MonoManager ReloadAssembly
Registering precompiled unity dll's ...
Register platform support module: C:/Program Files/Unity/Hub/Editor/2022.3.19f1/Editor/Data/PlaybackEngines/WebGLSupport/UnityEditor.WebGL.Extensions.dll
Register platform support module: C:/Program Files/Unity/Hub/Editor/2022.3.19f1/Editor/Data/PlaybackEngines/WindowsStandaloneSupport/UnityEditor.WindowsStandalone.Extensions.dll
Registered in 0.005046 seconds.
- Loaded All Assemblies, in  0.197 seconds
Native extension for WindowsStandalone target not found
Native extension for WebGL target not found
Mono: successfully reloaded assembly
- Finished resetting the current domain, in  0.148 seconds
Domain Reload Profiling: 344ms
	BeginReloadAssembly (60ms)
		ExecutionOrderSort (0ms)
		DisableScriptedObjects (0ms)
		BackupInstance (0ms)
		ReleaseScriptingObjects (0ms)
		CreateAndSetChildDomain (0ms)
	RebuildCommonClasses (19ms)
	RebuildNativeTypeToScriptingClass (6ms)
	initialDomainReloadingComplete (33ms)
	LoadAllAssembliesAndSetupDomain (78ms)
		LoadAssemblies (59ms)
		RebuildTransferFunctionScriptingTraits (0ms)
		AnalyzeDomain (77ms)
			TypeCache.Refresh (76ms)
				TypeCache.ScanAssembly (68ms)
			ScanForSourceGeneratedMonoScriptInfo (0ms)
			ResolveRequiredComponents (0ms)
	FinalizeReload (148ms)
		ReleaseScriptCaches (0ms)
		RebuildScriptCaches (0ms)
		SetupLoadedEditorAssemblies (116ms)
			LogAssemblyErrors (0ms)
			InitializePlatformSupportModulesInManaged (6ms)
			SetLoadedEditorAssemblies (3ms)
			RefreshPlugins (0ms)
			BeforeProcessingInitializeOnLoad (1ms)
			ProcessInitializeOnLoadAttributes (81ms)
			ProcessInitializeOnLoadMethodAttributes (25ms)
			AfterProcessingInitializeOnLoad (0ms)
			EditorAssembliesLoaded (0ms)
		ExecutionOrderSort2 (0ms)
		AwakeInstancesAfterBackupRestoration (0ms)
========================================================================
Worker process is ready to serve import requests
Begin MonoManager ReloadAssembly
- Loaded All Assemblies, in  0.340 seconds
Refreshing native plugins compatible for Editor in 1.85 ms, found 3 plugins.
Native extension for WindowsStandalone target not found
Native extension for WebGL target not found
Package Manager log level set to [2]
[Package Manager] Server::EnsureServerProcessIsRunning -- launch failed, reason: Unity was launched with the -noUpm command-line argument
[Package Manager] UpmClient::Send -- Unable to send message (not connected to UPM process).
[Package Manager] Cannot connect to Unity Package Manager local server
Mono: successfully reloaded assembly
- Finished resetting the current domain, in  0.403 seconds
Domain Reload Profiling: 742ms
	BeginReloadAssembly (82ms)
		ExecutionOrderSort (0ms)
		DisableScriptedObjects (3ms)
		BackupInstance (0ms)
		ReleaseScriptingObjects (0ms)
		CreateAndSetChildDomain (11ms)
	RebuildCommonClasses (18ms)
	RebuildNativeTypeToScriptingClass (6ms)
	initialDomainReloadingComplete (24ms)
	LoadAllAssembliesAndSetupDomain (208ms)
		LoadAssemblies (164ms)
		RebuildTransferFunctionScriptingTraits (0ms)
		AnalyzeDomain (93ms)
			TypeCache.Refresh (82ms)
				TypeCache.ScanAssembly (74ms)
			ScanForSourceGeneratedMonoScriptInfo (8ms)
			ResolveRequiredComponents (2ms)
	FinalizeReload (403ms)
		ReleaseScriptCaches (0ms)
		RebuildScriptCaches (0ms)
		SetupLoadedEditorAssemblies (324ms)
			LogAssemblyErrors (0ms)
			InitializePlatformSupportModulesInManaged (4ms)
			SetLoadedEditorAssemblies (2ms)
			RefreshPlugins (0ms)
			BeforeProcessingInitializeOnLoad (34ms)
			ProcessInitializeOnLoadAttributes (266ms)
			ProcessInitializeOnLoadMethodAttributes (12ms)
			AfterProcessingInitializeOnLoad (4ms)
			EditorAssembliesLoaded (0ms)
		ExecutionOrderSort2 (0ms)
		AwakeInstancesAfterBackupRestoration (4ms)
Launched and connected shader compiler UnityShaderCompiler.exe after 0.02 seconds
Refreshing native plugins compatible for Editor in 1.57 ms, found 3 plugins.
Preloading 0 native plugins for Editor in 0.00 ms.
Unloading 3092 Unused Serialized files (Serialized files now loaded: 0)
Unloading 32 unused Assets / (57.1 KB). Loaded Objects now: 3556.
Memory consumption went from 124.4 MB to 124.4 MB.
Total: 1.939500 ms (FindLiveObjects: 0.124100 ms CreateObjectMapping: 0.042700 ms MarkObjects: 1.704500 ms  DeleteObjects: 0.067400 ms)

AssetImportParameters requested are different than current active one (requested -> active):
  custom:scripting/monoscript/fileName/FakeGravityBody.cs: 1cc5cc57500b3e4a67cfdc4251d0db6a -> 41e8dbd35b79071a5c8bd4e2861e7851
  custom:container-demuxer-ogg: 62fdf1f143b41e24485cea50d1cbac27 -> 
  custom:scripting/monoscript/fileName/SC_PlanetGravity.cs: b71df9d2730dd8e0441c2a915bb0ba11 -> dc9f58f74a48260b70c9d16ce53ddc1e
  custom:video-codec-MediaFoundation-h265: 746d11721c4dcdbdad8f713fa42b33f4 -> 
  custom:scripting/monoscript/fileName/playermovement.cs: 00482f572e539445bacf06d58ecd7eb3 -> ac5c3f4a9759f7ca0670d48bdec6bd80
  custom:video-decoder-ogg-theora: a1e56fd34408186e4bbccfd4996cb3dc -> 
  custom:framework-win-MediaFoundation: 216162199b28c13a410421893ffa2e32 -> 
  custom:scripting/monoscript/fileName/GravityBody.cs: 54796a168134f768b0a2a14d843eb324 -> 
  custom:CustomObjectIndexerAttribute: 6d391050e5a25f67b0a2c618074f2cd9 -> 
  custom:scripting/monoscript/fileName/FirstPersonMovement.cs: ec6cb54b46ca7c1d4230ec686ad8a5ef -> 
  custom:container-demuxer-webm: 4f35f7cbe854078d1ac9338744f61a02 -> 
  custom:scripting/monoscript/fileName/CameraMovement.cs: 614c96b923f0771a6a26d92283bbc8ae -> c8be60a4d80d349a8abcde1df4c10f34
  custom:scripting/monoscript/fileName/GravityAttractor.cs: 1fd4c62fa4b55af47766d4cf0a8f0cf7 -> 
  custom:scripting/monoscript/fileName/SC_RigidbodyWalker.cs: 5cb832fb8b9c513e64483c904943bf75 -> 0e82dfe9dd9f35036b644aa5e6d34658
  custom:container-muxer-webm: aa71ff27fc2769a1b78a27578f13a17b -> 
  custom:video-decoder-webm-vp8: 9c59270c3fd7afecdb556c50c9e8de78 -> 
  custom:SearchIndexIgnoredProperties: e643bd26f0fe6173181afceb89e7c659 -> 
  custom:AudioImporter_EditorPlatform: d09bf68614088b80899f8185d706f6e7 -> 
  custom:scripting/monoscript/fileName/EyeMovement.cs: 7eeb7aac76809371db9f67ded0628d4d -> 
  custom:scripting/monoscript/fileName/WheelMovement.cs: 0b2198997bee28f1bb31710082c98b9d -> 
  custom:video-encoder-webm-vp8: eb34c28f22e8b96e1ab97ce403110664 -> 
  custom:audio-decoder-ogg-vorbis: bf7c407c2cedff20999df2af8eb42d56 -> 
  custom:scripting/monoscript/fileName/PlayerController_RB.cs: 6f8e9bc49e4d85e51fb5b7e960bee77f -> 4a43c116dc25901f44b3dae729d70251
  custom:audio-encoder-webm-vorbis: bf7c407c2cedff20999df2af8eb42d56 -> 
  custom:scripting/monoscript/fileName/LightDetection.cs: 7a7725bb2e3b76f38ee10c2a3fb94558 -> 3dbfb8420a27c61ad9b406893459764b
  custom:scripting/monoscript/fileName/FakeGravity.cs: 4d3ccb8042647c5b614e12f3fd4dace3 -> 2e1eebd1e6f85c97725b583f203afd11
========================================================================
Received Import Request.
  Time since last request: 205828.737788 seconds.
  path: Assets/materials/RollingWorld/World
  artifactKey: Guid(0b580c5e988b6294994889f14755a7a4) Importer(815301076,1909f56bfc062723c751e8b465ee728b)
Start importing Assets/materials/RollingWorld/World using Guid(0b580c5e988b6294994889f14755a7a4) Importer(815301076,1909f56bfc062723c751e8b465ee728b)  -> (artifact id: '2a6c7f9862b5dd7a180aba1d31e4d65f') in 0.001612 seconds
Number of updated asset objects reloaded before import = 0
Number of asset objects unloaded after import = 0
========================================================================
Received Import Request.
  Time since last request: 1.632777 seconds.
  path: Assets/materials/RollingWorld/World/AtmosphereMaterial.mat
  artifactKey: Guid(42aba00089be8f044aedf7a288be8dd7) Importer(815301076,1909f56bfc062723c751e8b465ee728b)
Start importing Assets/materials/RollingWorld/World/AtmosphereMaterial.mat using Guid(42aba00089be8f044aedf7a288be8dd7) Importer(815301076,1909f56bfc062723c751e8b465ee728b)  -> (artifact id: 'd0fa87de58b0e63cc1e8f006d58970ef') in 0.064364 seconds
Number of updated asset objects reloaded before import = 0
Number of asset objects unloaded after import = 2
========================================================================
Received Import Request.
  Time since last request: 4.545532 seconds.
  path: Assets/materials/RollingWorld/Tree/TreeLeavesMaterial.mat
  artifactKey: Guid(9fea3509933486245bb4c9dec2ef628b) Importer(815301076,1909f56bfc062723c751e8b465ee728b)
Start importing Assets/materials/RollingWorld/Tree/TreeLeavesMaterial.mat using Guid(9fea3509933486245bb4c9dec2ef628b) Importer(815301076,1909f56bfc062723c751e8b465ee728b)  -> (artifact id: '881fd51a33bd70bb1925dc21940f1fc4') in 0.016255 seconds
Number of updated asset objects reloaded before import = 0
Number of asset objects unloaded after import = 1
========================================================================
Received Import Request.
  Time since last request: 0.638421 seconds.
  path: Assets/materials/RollingWorld/Player/EyesMaterial.mat
  artifactKey: Guid(5ef5c4d913e942e49a1dafca4c3ec59f) Importer(815301076,1909f56bfc062723c751e8b465ee728b)
Start importing Assets/materials/RollingWorld/Player/EyesMaterial.mat using Guid(5ef5c4d913e942e49a1dafca4c3ec59f) Importer(815301076,1909f56bfc062723c751e8b465ee728b)  -> (artifact id: '3a9d70ec51d88e9cef0b5b08376d8f37') in 0.012661 seconds
Number of updated asset objects reloaded before import = 0
Number of asset objects unloaded after import = 1
========================================================================
Received Import Request.
  Time since last request: 0.000055 seconds.
  path: Assets/materials/RollingWorld/Player/PlayerMaterial.mat
  artifactKey: Guid(6d9dca8e82cb63041ac9a6fdebe885af) Importer(815301076,1909f56bfc062723c751e8b465ee728b)
Start importing Assets/materials/RollingWorld/Player/PlayerMaterial.mat using Guid(6d9dca8e82cb63041ac9a6fdebe885af) Importer(815301076,1909f56bfc062723c751e8b465ee728b)  -> (artifact id: 'a2b3f58ae241f4e446fd5799858f7d1d') in 0.012237 seconds
Number of updated asset objects reloaded before import = 0
Number of asset objects unloaded after import = 1
========================================================================
Received Import Request.
  Time since last request: 0.000014 seconds.
  path: Assets/materials/RollingWorld/Player/WheelsTyresMaterial.mat
  artifactKey: Guid(59a294f2c77e94b408e1f4b41574e15a) Importer(815301076,1909f56bfc062723c751e8b465ee728b)
Start importing Assets/materials/RollingWorld/Player/WheelsTyresMaterial.mat using Guid(59a294f2c77e94b408e1f4b41574e15a) Importer(815301076,1909f56bfc062723c751e8b465ee728b)  -> (artifact id: 'd31377e487eb73f46e1b54735b8eca07') in 0.009567 seconds
Number of updated asset objects reloaded before import = 0
Number of asset objects unloaded after import = 1
========================================================================
Received Import Request.
  Time since last request: 2.373807 seconds.
  path: Assets/materials/RollingWorld/Flower/FlowerCenterMaterial.mat
  artifactKey: Guid(53a50365027532f478b76b2b01f849d8) Importer(815301076,1909f56bfc062723c751e8b465ee728b)
Start importing Assets/materials/RollingWorld/Flower/FlowerCenterMaterial.mat using Guid(53a50365027532f478b76b2b01f849d8) Importer(815301076,1909f56bfc062723c751e8b465ee728b)  -> (artifact id: '9ce074ea6110df30752bdcfb6cb48c55') in 0.011075 seconds
Number of updated asset objects reloaded before import = 0
Number of asset objects unloaded after import = 1
